<?xml version="1.0" encoding="utf-8"?><testsuites><testsuite errors="0" failures="0" hostname="Sergeys-MBP.home" name="pytest" skipped="0" tests="3" time="18.064" timestamp="2020-06-20T13:25:19.554499"><testcase classname="test_HomePage.TestHomePage" file="test_HomePage.py" line="13" name="test_formSubmission[getData0]" time="5.583"></testcase><testcase classname="test_HomePage.TestHomePage" file="test_HomePage.py" line="13" name="test_formSubmission[getData1]" time="0.786"></testcase><testcase classname="test_e2e.TestOne" file="test_e2e.py" line="11" name="test_e2e" time="11.652"></testcase></testsuite></testsuites>